<?xml version="1.0" encoding="UTF-8"?>
<testng-results ignored="0" total="2" passed="2" failed="0" skipped="0">
  <reporter-output>
  </reporter-output>
  <suite started-at="2022-12-16T23:01:12 BDT" name="Default suite" finished-at="2022-12-16T23:01:27 BDT" duration-ms="14489">
    <groups>
    </groups>
    <test started-at="2022-12-16T23:01:12 BDT" name="Default test" finished-at="2022-12-16T23:01:27 BDT" duration-ms="14489">
      <class name="tua.com.exam_13.QuetionNumberFour">
        <test-method is-config="true" signature="start()[pri:0, instance:tua.com.exam_13.QuetionNumberFour@6302bbb1]" started-at="2022-12-16T23:01:06 BDT" name="start" finished-at="2022-12-16T23:01:12 BDT" duration-ms="6465" status="PASS">
          <reporter-output>
          </reporter-output>
        </test-method> <!-- start -->
        <test-method signature="openUrl()[pri:0, instance:tua.com.exam_13.QuetionNumberFour@6302bbb1]" started-at="2022-12-16T23:01:13 BDT" name="openUrl" finished-at="2022-12-16T23:01:19 BDT" duration-ms="6874" status="PASS">
          <reporter-output>
          </reporter-output>
        </test-method> <!-- openUrl -->
        <test-method signature="alerts()[pri:1, instance:tua.com.exam_13.QuetionNumberFour@6302bbb1]" started-at="2022-12-16T23:01:19 BDT" name="alerts" finished-at="2022-12-16T23:01:27 BDT" duration-ms="7562" status="PASS">
          <reporter-output>
          </reporter-output>
        </test-method> <!-- alerts -->
        <test-method is-config="true" signature="end()[pri:0, instance:tua.com.exam_13.QuetionNumberFour@6302bbb1]" started-at="2022-12-16T23:01:27 BDT" name="end" finished-at="2022-12-16T23:01:27 BDT" duration-ms="285" status="PASS">
          <reporter-output>
          </reporter-output>
        </test-method> <!-- end -->
      </class> <!-- tua.com.exam_13.QuetionNumberFour -->
    </test> <!-- Default test -->
  </suite> <!-- Default suite -->
</testng-results>
